Using pre-set license
Built from '2020.3/china_unity/release' branch; Version is '2020.3.32f1c1 (76260b79758e) revision 7742987'; Using compiler version '192528614'; Build Type 'Release'
OS: 'Windows 11  (10.0.22000) 64bit CoreCountrySpecific' Language: 'zh' Physical Memory: 16305 MB
BatchMode: 1, IsHumanControllingUs: 0, StartBugReporterOnCrash: 0, Is64bit: 1, IsPro: 0

COMMAND LINE ARGUMENTS:
F:\unity\2020.3.32f1c1\Editor\Unity.exe
-adb2
-batchMode
-noUpm
-name
AssetImportWorker0
-projectPath
F:/unity project/421/421
-logFile
Logs/AssetImportWorker0.log
-srvPort
2176
Successfully changed project path to: F:/unity project/421/421
F:/unity project/421/421
Using Asset Import Pipeline V2.
AS: AutoStreaming module initializing.Refreshing native plugins compatible for Editor in 62.79 ms, found 3 plugins.
Preloading 0 native plugins for Editor in 0.00 ms.
Initialize engine version: 2020.3.32f1c1 (76260b79758e)
[Subsystems] Discovering subsystems at path F:/unity/2020.3.32f1c1/Editor/Data/Resources/UnitySubsystems
[Subsystems] Discovering subsystems at path F:/unity project/421/421/Assets
GfxDevice: creating device client; threaded=0
Direct3D:
    Version:  Direct3D 11.0 [level 11.1]
    Renderer: NVIDIA GeForce RTX 2070 (ID=0x1f10)
    Vendor:   
    VRAM:     8031 MB
    Driver:   30.0.15.1215
Initialize mono
Mono path[0] = 'F:/unity/2020.3.32f1c1/Editor/Data/Managed'
Mono path[1] = 'F:/unity/2020.3.32f1c1/Editor/Data/MonoBleedingEdge/lib/mono/unityjit'
Mono config path = 'F:/unity/2020.3.32f1c1/Editor/Data/MonoBleedingEdge/etc'
Using monoOptions --debugger-agent=transport=dt_socket,embedding=1,server=y,suspend=n,address=127.0.0.1:56956
Begin MonoManager ReloadAssembly
Registering precompiled unity dll's ...
Register platform support module: F:/unity/2020.3.32f1c1/Editor/Data/PlaybackEngines/WindowsStandaloneSupport/UnityEditor.WindowsStandalone.Extensions.dll
Registered in 0.000875 seconds.
Native extension for WindowsStandalone target not found
Refreshing native plugins compatible for Editor in 87.24 ms, found 3 plugins.
Preloading 0 native plugins for Editor in 0.00 ms.
Mono: successfully reloaded assembly
- Completed reload, in  0.665 seconds
Domain Reload Profiling:
	ReloadAssembly (665ms)
		BeginReloadAssembly (74ms)
			ExecutionOrderSort (0ms)
			DisableScriptedObjects (0ms)
			BackupInstance (0ms)
			ReleaseScriptingObjects (0ms)
			CreateAndSetChildDomain (1ms)
		EndReloadAssembly (519ms)
			LoadAssemblies (73ms)
			RebuildTransferFunctionScriptingTraits (0ms)
			SetupTypeCache (153ms)
			ReleaseScriptCaches (0ms)
			RebuildScriptCaches (32ms)
			SetupLoadedEditorAssemblies (228ms)
				LogAssemblyErrors (0ms)
				InitializePlatformSupportModulesInManaged (4ms)
				SetLoadedEditorAssemblies (0ms)
				RefreshPlugins (87ms)
				BeforeProcessingInitializeOnLoad (15ms)
				ProcessInitializeOnLoadAttributes (90ms)
				ProcessInitializeOnLoadMethodAttributes (30ms)
				AfterProcessingInitializeOnLoad (0ms)
				EditorAssembliesLoaded (0ms)
			ExecutionOrderSort2 (0ms)
			AwakeInstancesAfterBackupRestoration (0ms)
Platform modules already initialized, skipping
Registering precompiled user dll's ...
Registered in 0.003033 seconds.
Begin MonoManager ReloadAssembly
Native extension for WindowsStandalone target not found
Refreshing native plugins compatible for Editor in 51.28 ms, found 3 plugins.
Preloading 0 native plugins for Editor in 0.00 ms.
Mono: successfully reloaded assembly
- Completed reload, in  1.146 seconds
Domain Reload Profiling:
	ReloadAssembly (1147ms)
		BeginReloadAssembly (158ms)
			ExecutionOrderSort (0ms)
			DisableScriptedObjects (5ms)
			BackupInstance (0ms)
			ReleaseScriptingObjects (0ms)
			CreateAndSetChildDomain (18ms)
		EndReloadAssembly (932ms)
			LoadAssemblies (109ms)
			RebuildTransferFunctionScriptingTraits (0ms)
			SetupTypeCache (307ms)
			ReleaseScriptCaches (0ms)
			RebuildScriptCaches (51ms)
			SetupLoadedEditorAssemblies (347ms)
				LogAssemblyErrors (0ms)
				InitializePlatformSupportModulesInManaged (3ms)
				SetLoadedEditorAssemblies (0ms)
				RefreshPlugins (51ms)
				BeforeProcessingInitializeOnLoad (70ms)
				ProcessInitializeOnLoadAttributes (201ms)
				ProcessInitializeOnLoadMethodAttributes (18ms)
				AfterProcessingInitializeOnLoad (2ms)
				EditorAssembliesLoaded (0ms)
			ExecutionOrderSort2 (0ms)
			AwakeInstancesAfterBackupRestoration (7ms)
Platform modules already initialized, skipping
========================================================================
Worker process is ready to serve import requests
Launched and connected shader compiler UnityShaderCompiler.exe after 0.09 seconds
Refreshing native plugins compatible for Editor in 0.50 ms, found 3 plugins.
Preloading 0 native plugins for Editor in 0.00 ms.
Unloading 2204 Unused Serialized files (Serialized files now loaded: 0)
System memory in use before: 99.6 MB.
System memory in use after: 99.7 MB.

Unloading 25 unused Assets to reduce memory usage. Loaded Objects now: 2644.
Total: 3.087700 ms (FindLiveObjects: 0.161700 ms CreateObjectMapping: 0.071400 ms MarkObjects: 2.789500 ms  DeleteObjects: 0.063900 ms)

AssetImportParameters requested are different than current active one (requested -> active):
  custom:framework-win-MediaFoundation: 216162199b28c13a410421893ffa2e32 -> 
  custom:video-decoder-ogg-theora: a1e56fd34408186e4bbccfd4996cb3dc -> 
  custom:container-muxer-webm: aa71ff27fc2769a1b78a27578f13a17b -> 
  custom:container-demuxer-webm: 4f35f7cbe854078d1ac9338744f61a02 -> 
  custom:container-demuxer-ogg: 62fdf1f143b41e24485cea50d1cbac27 -> 
  custom:video-encoder-webm-vp8: eb34c28f22e8b96e1ab97ce403110664 -> 
  custom:video-decoder-webm-vp8: 9c59270c3fd7afecdb556c50c9e8de78 -> 
  custom:audio-decoder-ogg-vorbis: bf7c407c2cedff20999df2af8eb42d56 -> 
  custom:audio-encoder-webm-vorbis: bf7c407c2cedff20999df2af8eb42d56 -> 
========================================================================
Received Import Request.
  path: Assets/Prefabs/BasicRoom.prefab
  artifactKey: Guid(75ce67a108a86e247ab16fb213f124b7) Importer(815301076,1909f56bfc062723c751e8b465ee728b)
Start importing Assets/Prefabs/BasicRoom.prefab using Guid(75ce67a108a86e247ab16fb213f124b7) Importer(815301076,1909f56bfc062723c751e8b465ee728b)  -> (artifact id: '54179a5cd843f4eafd298abefd24748f') in 0.108670 seconds 
========================================================================
Received Import Request.
  Time since last request: 0.000249 seconds.
  path: Assets/Prefabs/basicmap.prefab
  artifactKey: Guid(ddd53d8e1c8632c4399c084026b022dc) Importer(815301076,1909f56bfc062723c751e8b465ee728b)
Start importing Assets/Prefabs/basicmap.prefab using Guid(ddd53d8e1c8632c4399c084026b022dc) Importer(815301076,1909f56bfc062723c751e8b465ee728b)  -> (artifact id: 'abb0092496239c7b87438ecbb9802da5') in 0.026608 seconds 
========================================================================
Received Import Request.
  Time since last request: 0.000237 seconds.
  path: Assets/Prefabs
  artifactKey: Guid(cacb47d08999701498f5709d2d5d18d5) Importer(815301076,1909f56bfc062723c751e8b465ee728b)
Start importing Assets/Prefabs using Guid(cacb47d08999701498f5709d2d5d18d5) Importer(815301076,1909f56bfc062723c751e8b465ee728b)  -> (artifact id: 'e876aba4c9da21c45f6097a528840b88') in 0.007108 seconds 
========================================================================
Received Prepare
Refreshing native plugins compatible for Editor in 3.52 ms, found 3 plugins.
Preloading 0 native plugins for Editor in 0.00 ms.
Unloading 12 Unused Serialized files (Serialized files now loaded: 0)
System memory in use before: 59.0 MB.
System memory in use after: 59.1 MB.

Unloading 12 unused Assets to reduce memory usage. Loaded Objects now: 2653.
Total: 3.817300 ms (FindLiveObjects: 0.153200 ms CreateObjectMapping: 0.077900 ms MarkObjects: 3.559500 ms  DeleteObjects: 0.025900 ms)

AssetImportParameters requested are different than current active one (requested -> active):
  custom:framework-win-MediaFoundation: 216162199b28c13a410421893ffa2e32 -> 
  custom:video-decoder-ogg-theora: a1e56fd34408186e4bbccfd4996cb3dc -> 
  custom:container-muxer-webm: aa71ff27fc2769a1b78a27578f13a17b -> 
  custom:container-demuxer-webm: 4f35f7cbe854078d1ac9338744f61a02 -> 
  custom:container-demuxer-ogg: 62fdf1f143b41e24485cea50d1cbac27 -> 
  custom:video-encoder-webm-vp8: eb34c28f22e8b96e1ab97ce403110664 -> 
  custom:video-decoder-webm-vp8: 9c59270c3fd7afecdb556c50c9e8de78 -> 
  custom:audio-decoder-ogg-vorbis: bf7c407c2cedff20999df2af8eb42d56 -> 
  custom:audio-encoder-webm-vorbis: bf7c407c2cedff20999df2af8eb42d56 -> 
========================================================================
Received Import Request.
  Time since last request: 20.977508 seconds.
  path: Assets/Prefabs/basicmap.prefab
  artifactKey: Guid(ddd53d8e1c8632c4399c084026b022dc) Importer(815301076,1909f56bfc062723c751e8b465ee728b)
Start importing Assets/Prefabs/basicmap.prefab using Guid(ddd53d8e1c8632c4399c084026b022dc) Importer(815301076,1909f56bfc062723c751e8b465ee728b)  -> (artifact id: 'ea21c7e4b9196083c50b4f2d13e1d289') in 0.025820 seconds 
========================================================================
Received Import Request.
  Time since last request: 8.651342 seconds.
  path: Assets/Prefabs/basicmap.prefab
  artifactKey: Guid(ddd53d8e1c8632c4399c084026b022dc) Importer(815301076,1909f56bfc062723c751e8b465ee728b)
Start importing Assets/Prefabs/basicmap.prefab using Guid(ddd53d8e1c8632c4399c084026b022dc) Importer(815301076,1909f56bfc062723c751e8b465ee728b)  -> (artifact id: '388a8168ace2d4e6eb51ed6448c66865') in 0.021939 seconds 
========================================================================
Received Import Request.
  Time since last request: 3.646108 seconds.
  path: Assets/Prefabs/basicmap.prefab
  artifactKey: Guid(ddd53d8e1c8632c4399c084026b022dc) Importer(815301076,1909f56bfc062723c751e8b465ee728b)
Start importing Assets/Prefabs/basicmap.prefab using Guid(ddd53d8e1c8632c4399c084026b022dc) Importer(815301076,1909f56bfc062723c751e8b465ee728b)  -> (artifact id: '8f15edd4d127c4d131e6037006523c61') in 0.021840 seconds 
========================================================================
Received Import Request.
  Time since last request: 3.261484 seconds.
  path: Assets/Prefabs/basicmap.prefab
  artifactKey: Guid(ddd53d8e1c8632c4399c084026b022dc) Importer(815301076,1909f56bfc062723c751e8b465ee728b)
Start importing Assets/Prefabs/basicmap.prefab using Guid(ddd53d8e1c8632c4399c084026b022dc) Importer(815301076,1909f56bfc062723c751e8b465ee728b)  -> (artifact id: '5865530cc6dc5d2b4d81eba2edc29192') in 0.022701 seconds 
========================================================================
Received Import Request.
  Time since last request: 6.311560 seconds.
  path: Assets/Prefabs/basicmap.prefab
  artifactKey: Guid(ddd53d8e1c8632c4399c084026b022dc) Importer(815301076,1909f56bfc062723c751e8b465ee728b)
Start importing Assets/Prefabs/basicmap.prefab using Guid(ddd53d8e1c8632c4399c084026b022dc) Importer(815301076,1909f56bfc062723c751e8b465ee728b)  -> (artifact id: '0c0e801f3589f18cbc4c5281bb281e62') in 0.025116 seconds 
========================================================================
Received Import Request.
  Time since last request: 4.153275 seconds.
  path: Assets/Prefabs/basicmap.prefab
  artifactKey: Guid(ddd53d8e1c8632c4399c084026b022dc) Importer(815301076,1909f56bfc062723c751e8b465ee728b)
Start importing Assets/Prefabs/basicmap.prefab using Guid(ddd53d8e1c8632c4399c084026b022dc) Importer(815301076,1909f56bfc062723c751e8b465ee728b)  -> (artifact id: '5a7ab0b82f612cb8ba45d4ed0a5310de') in 0.020005 seconds 
========================================================================
Received Import Request.
  Time since last request: 0.639077 seconds.
  path: Assets/Prefabs/basicmap.prefab
  artifactKey: Guid(ddd53d8e1c8632c4399c084026b022dc) Importer(815301076,1909f56bfc062723c751e8b465ee728b)
Start importing Assets/Prefabs/basicmap.prefab using Guid(ddd53d8e1c8632c4399c084026b022dc) Importer(815301076,1909f56bfc062723c751e8b465ee728b)  -> (artifact id: 'a0d5ee597f3592b79db835fc59fc897f') in 0.021462 seconds 
========================================================================
Received Import Request.
  Time since last request: 10.781795 seconds.
  path: Assets/Prefabs/basicmap.prefab
  artifactKey: Guid(ddd53d8e1c8632c4399c084026b022dc) Importer(815301076,1909f56bfc062723c751e8b465ee728b)
Start importing Assets/Prefabs/basicmap.prefab using Guid(ddd53d8e1c8632c4399c084026b022dc) Importer(815301076,1909f56bfc062723c751e8b465ee728b)  -> (artifact id: 'ba86e08e1a9885f15f9947c82a8f048c') in 0.023350 seconds 
========================================================================
Received Import Request.
  Time since last request: 7.893641 seconds.
  path: Assets/Prefabs/basicmap.prefab
  artifactKey: Guid(ddd53d8e1c8632c4399c084026b022dc) Importer(815301076,1909f56bfc062723c751e8b465ee728b)
Start importing Assets/Prefabs/basicmap.prefab using Guid(ddd53d8e1c8632c4399c084026b022dc) Importer(815301076,1909f56bfc062723c751e8b465ee728b)  -> (artifact id: 'b8eeef62dc5ce4cee688ecfcf9e44e08') in 0.018847 seconds 
========================================================================
Received Import Request.
  Time since last request: 9.132840 seconds.
  path: Assets/Prefabs/basicmap.prefab
  artifactKey: Guid(ddd53d8e1c8632c4399c084026b022dc) Importer(815301076,1909f56bfc062723c751e8b465ee728b)
Start importing Assets/Prefabs/basicmap.prefab using Guid(ddd53d8e1c8632c4399c084026b022dc) Importer(815301076,1909f56bfc062723c751e8b465ee728b)  -> (artifact id: '540f6bbdfb32deafea71cb2c551b81c8') in 0.018869 seconds 
========================================================================
Received Import Request.
  Time since last request: 5.550095 seconds.
  path: Assets/Prefabs/basicmap.prefab
  artifactKey: Guid(ddd53d8e1c8632c4399c084026b022dc) Importer(815301076,1909f56bfc062723c751e8b465ee728b)
Start importing Assets/Prefabs/basicmap.prefab using Guid(ddd53d8e1c8632c4399c084026b022dc) Importer(815301076,1909f56bfc062723c751e8b465ee728b)  -> (artifact id: '892eb9f13038d99f6aff3eaa33d213b7') in 0.021473 seconds 
========================================================================
Received Import Request.
  Time since last request: 9.629861 seconds.
  path: Assets/Prefabs/basicmap.prefab
  artifactKey: Guid(ddd53d8e1c8632c4399c084026b022dc) Importer(815301076,1909f56bfc062723c751e8b465ee728b)
Start importing Assets/Prefabs/basicmap.prefab using Guid(ddd53d8e1c8632c4399c084026b022dc) Importer(815301076,1909f56bfc062723c751e8b465ee728b)  -> (artifact id: '383942e9fc2b8609b7618fd9d3d802cc') in 0.027589 seconds 
========================================================================
Received Import Request.
  Time since last request: 11.845523 seconds.
  path: Assets/Prefabs/basicmap.prefab
  artifactKey: Guid(ddd53d8e1c8632c4399c084026b022dc) Importer(815301076,1909f56bfc062723c751e8b465ee728b)
Start importing Assets/Prefabs/basicmap.prefab using Guid(ddd53d8e1c8632c4399c084026b022dc) Importer(815301076,1909f56bfc062723c751e8b465ee728b)  -> (artifact id: '5b8ccfb6652e2ff55d9114f327b6b607') in 0.019723 seconds 
========================================================================
Received Import Request.
  Time since last request: 5.623692 seconds.
  path: Assets/Prefabs/basicmap.prefab
  artifactKey: Guid(ddd53d8e1c8632c4399c084026b022dc) Importer(815301076,1909f56bfc062723c751e8b465ee728b)
Start importing Assets/Prefabs/basicmap.prefab using Guid(ddd53d8e1c8632c4399c084026b022dc) Importer(815301076,1909f56bfc062723c751e8b465ee728b)  -> (artifact id: 'a59c2337df360dc7e28410ee365c3487') in 0.018670 seconds 
========================================================================
Received Import Request.
  Time since last request: 4.478527 seconds.
  path: Assets/Prefabs/basicmap.prefab
  artifactKey: Guid(ddd53d8e1c8632c4399c084026b022dc) Importer(815301076,1909f56bfc062723c751e8b465ee728b)
Start importing Assets/Prefabs/basicmap.prefab using Guid(ddd53d8e1c8632c4399c084026b022dc) Importer(815301076,1909f56bfc062723c751e8b465ee728b)  -> (artifact id: '74ac76bd3069c0fb06c96d38a16328cf') in 0.019711 seconds 
========================================================================
Received Import Request.
  Time since last request: 5.301745 seconds.
  path: Assets/Prefabs/basicmap.prefab
  artifactKey: Guid(ddd53d8e1c8632c4399c084026b022dc) Importer(815301076,1909f56bfc062723c751e8b465ee728b)
Start importing Assets/Prefabs/basicmap.prefab using Guid(ddd53d8e1c8632c4399c084026b022dc) Importer(815301076,1909f56bfc062723c751e8b465ee728b)  -> (artifact id: '5f5c3da4bafaaea5a6eaf04e5c526aac') in 0.017749 seconds 
========================================================================
Received Import Request.
  Time since last request: 6.443900 seconds.
  path: Assets/Prefabs/basicmap.prefab
  artifactKey: Guid(ddd53d8e1c8632c4399c084026b022dc) Importer(815301076,1909f56bfc062723c751e8b465ee728b)
Start importing Assets/Prefabs/basicmap.prefab using Guid(ddd53d8e1c8632c4399c084026b022dc) Importer(815301076,1909f56bfc062723c751e8b465ee728b)  -> (artifact id: 'f77a70dc20fbffc7d0b3691b348bee48') in 0.018313 seconds 
========================================================================
Received Import Request.
  Time since last request: 5.021362 seconds.
  path: Assets/Prefabs/basicmap.prefab
  artifactKey: Guid(ddd53d8e1c8632c4399c084026b022dc) Importer(815301076,1909f56bfc062723c751e8b465ee728b)
Start importing Assets/Prefabs/basicmap.prefab using Guid(ddd53d8e1c8632c4399c084026b022dc) Importer(815301076,1909f56bfc062723c751e8b465ee728b)  -> (artifact id: 'b43b290885e5c9b7bb6964b86e6aee2c') in 0.017143 seconds 
========================================================================
Received Import Request.
  Time since last request: 8.155679 seconds.
  path: Assets/Prefabs/basicmap.prefab
  artifactKey: Guid(ddd53d8e1c8632c4399c084026b022dc) Importer(815301076,1909f56bfc062723c751e8b465ee728b)
Start importing Assets/Prefabs/basicmap.prefab using Guid(ddd53d8e1c8632c4399c084026b022dc) Importer(815301076,1909f56bfc062723c751e8b465ee728b)  -> (artifact id: 'f8ec8bec0aabe721ac1a232bb4db6780') in 0.033657 seconds 
========================================================================
Received Import Request.
  Time since last request: 4.886943 seconds.
  path: Assets/Prefabs/basicmap.prefab
  artifactKey: Guid(ddd53d8e1c8632c4399c084026b022dc) Importer(815301076,1909f56bfc062723c751e8b465ee728b)
Start importing Assets/Prefabs/basicmap.prefab using Guid(ddd53d8e1c8632c4399c084026b022dc) Importer(815301076,1909f56bfc062723c751e8b465ee728b)  -> (artifact id: '2dd259dbe9de145bf1da746c8ad6f6f3') in 0.027955 seconds 
========================================================================
Received Import Request.
  Time since last request: 7.120476 seconds.
  path: Assets/Prefabs/basicmap.prefab
  artifactKey: Guid(ddd53d8e1c8632c4399c084026b022dc) Importer(815301076,1909f56bfc062723c751e8b465ee728b)
Start importing Assets/Prefabs/basicmap.prefab using Guid(ddd53d8e1c8632c4399c084026b022dc) Importer(815301076,1909f56bfc062723c751e8b465ee728b)  -> (artifact id: 'cf65f2a9e7ed83ddc492cf8116bc49aa') in 0.017788 seconds 
========================================================================
Received Import Request.
  Time since last request: 2.694572 seconds.
  path: Assets/Prefabs/basicmap.prefab
  artifactKey: Guid(ddd53d8e1c8632c4399c084026b022dc) Importer(815301076,1909f56bfc062723c751e8b465ee728b)
Start importing Assets/Prefabs/basicmap.prefab using Guid(ddd53d8e1c8632c4399c084026b022dc) Importer(815301076,1909f56bfc062723c751e8b465ee728b)  -> (artifact id: '1bee61e099031dafdfbe41ed0bf9dd87') in 0.028029 seconds 
========================================================================
Received Import Request.
  Time since last request: 2.926247 seconds.
  path: Assets/Prefabs/basicmap.prefab
  artifactKey: Guid(ddd53d8e1c8632c4399c084026b022dc) Importer(815301076,1909f56bfc062723c751e8b465ee728b)
Start importing Assets/Prefabs/basicmap.prefab using Guid(ddd53d8e1c8632c4399c084026b022dc) Importer(815301076,1909f56bfc062723c751e8b465ee728b)  -> (artifact id: '7eeb5ad93b366df61d082be88e964ebf') in 0.018283 seconds 
========================================================================
Received Import Request.
  Time since last request: 2.308810 seconds.
  path: Assets/Prefabs/basicmap.prefab
  artifactKey: Guid(ddd53d8e1c8632c4399c084026b022dc) Importer(815301076,1909f56bfc062723c751e8b465ee728b)
Start importing Assets/Prefabs/basicmap.prefab using Guid(ddd53d8e1c8632c4399c084026b022dc) Importer(815301076,1909f56bfc062723c751e8b465ee728b)  -> (artifact id: '3c9139876be5c1c31744301a2e95b610') in 0.020320 seconds 
========================================================================
Received Import Request.
  Time since last request: 1.753602 seconds.
  path: Assets/Prefabs/basicmap.prefab
  artifactKey: Guid(ddd53d8e1c8632c4399c084026b022dc) Importer(815301076,1909f56bfc062723c751e8b465ee728b)
Start importing Assets/Prefabs/basicmap.prefab using Guid(ddd53d8e1c8632c4399c084026b022dc) Importer(815301076,1909f56bfc062723c751e8b465ee728b)  -> (artifact id: '54a2ae82357e7a4d750f0c68092ecd6e') in 0.022785 seconds 
========================================================================
Received Import Request.
  Time since last request: 2.364380 seconds.
  path: Assets/Prefabs/basicmap.prefab
  artifactKey: Guid(ddd53d8e1c8632c4399c084026b022dc) Importer(815301076,1909f56bfc062723c751e8b465ee728b)
Start importing Assets/Prefabs/basicmap.prefab using Guid(ddd53d8e1c8632c4399c084026b022dc) Importer(815301076,1909f56bfc062723c751e8b465ee728b)  -> (artifact id: '3655f58df8d4fcfc1222222b0425585b') in 0.020909 seconds 
========================================================================
Received Import Request.
  Time since last request: 2.070600 seconds.
  path: Assets/Prefabs/basicmap.prefab
  artifactKey: Guid(ddd53d8e1c8632c4399c084026b022dc) Importer(815301076,1909f56bfc062723c751e8b465ee728b)
Start importing Assets/Prefabs/basicmap.prefab using Guid(ddd53d8e1c8632c4399c084026b022dc) Importer(815301076,1909f56bfc062723c751e8b465ee728b)  -> (artifact id: '4c25e36406e0eb07c0eccf7187ed9578') in 0.017939 seconds 
========================================================================
Received Import Request.
  Time since last request: 2.083499 seconds.
  path: Assets/Prefabs/basicmap.prefab
  artifactKey: Guid(ddd53d8e1c8632c4399c084026b022dc) Importer(815301076,1909f56bfc062723c751e8b465ee728b)
Start importing Assets/Prefabs/basicmap.prefab using Guid(ddd53d8e1c8632c4399c084026b022dc) Importer(815301076,1909f56bfc062723c751e8b465ee728b)  -> (artifact id: 'fe67d2ec732e81efc9517533e6806525') in 0.020207 seconds 
========================================================================
Received Import Request.
  Time since last request: 1.918372 seconds.
  path: Assets/Prefabs/basicmap.prefab
  artifactKey: Guid(ddd53d8e1c8632c4399c084026b022dc) Importer(815301076,1909f56bfc062723c751e8b465ee728b)
Start importing Assets/Prefabs/basicmap.prefab using Guid(ddd53d8e1c8632c4399c084026b022dc) Importer(815301076,1909f56bfc062723c751e8b465ee728b)  -> (artifact id: '6976c2c28537f2be5b85b8d6bb4a4686') in 0.021860 seconds 
========================================================================
Received Import Request.
  Time since last request: 4.420185 seconds.
  path: Assets/Prefabs/basicmap.prefab
  artifactKey: Guid(ddd53d8e1c8632c4399c084026b022dc) Importer(815301076,1909f56bfc062723c751e8b465ee728b)
Start importing Assets/Prefabs/basicmap.prefab using Guid(ddd53d8e1c8632c4399c084026b022dc) Importer(815301076,1909f56bfc062723c751e8b465ee728b)  -> (artifact id: 'c9e5f7f557af769d2d912c6d9d03fd76') in 0.021591 seconds 
========================================================================
Received Import Request.
  Time since last request: 1.342127 seconds.
  path: Assets/Prefabs/basicmap.prefab
  artifactKey: Guid(ddd53d8e1c8632c4399c084026b022dc) Importer(815301076,1909f56bfc062723c751e8b465ee728b)
Start importing Assets/Prefabs/basicmap.prefab using Guid(ddd53d8e1c8632c4399c084026b022dc) Importer(815301076,1909f56bfc062723c751e8b465ee728b)  -> (artifact id: 'ee54e94becc559ea29da31db8be834bc') in 0.022469 seconds 
========================================================================
Received Import Request.
  Time since last request: 1.045089 seconds.
  path: Assets/Prefabs/basicmap.prefab
  artifactKey: Guid(ddd53d8e1c8632c4399c084026b022dc) Importer(815301076,1909f56bfc062723c751e8b465ee728b)
Start importing Assets/Prefabs/basicmap.prefab using Guid(ddd53d8e1c8632c4399c084026b022dc) Importer(815301076,1909f56bfc062723c751e8b465ee728b)  -> (artifact id: '859ec7318c586561c2ec7eaa2db1063c') in 0.021505 seconds 
========================================================================
Received Prepare
Registering precompiled user dll's ...
Registered in 0.004629 seconds.
Begin MonoManager ReloadAssembly
Native extension for WindowsStandalone target not found
Refreshing native plugins compatible for Editor in 0.94 ms, found 3 plugins.
Preloading 0 native plugins for Editor in 0.00 ms.
Mono: successfully reloaded assembly
- Completed reload, in  1.079 seconds
Domain Reload Profiling:
	ReloadAssembly (1080ms)
		BeginReloadAssembly (136ms)
			ExecutionOrderSort (0ms)
			DisableScriptedObjects (6ms)
			BackupInstance (0ms)
			ReleaseScriptingObjects (0ms)
			CreateAndSetChildDomain (36ms)
		EndReloadAssembly (886ms)
			LoadAssemblies (135ms)
			RebuildTransferFunctionScriptingTraits (0ms)
			SetupTypeCache (314ms)
			ReleaseScriptCaches (1ms)
			RebuildScriptCaches (45ms)
			SetupLoadedEditorAssemblies (309ms)
				LogAssemblyErrors (0ms)
				InitializePlatformSupportModulesInManaged (6ms)
				SetLoadedEditorAssemblies (1ms)
				RefreshPlugins (1ms)
				BeforeProcessingInitializeOnLoad (109ms)
				ProcessInitializeOnLoadAttributes (177ms)
				ProcessInitializeOnLoadMethodAttributes (12ms)
				AfterProcessingInitializeOnLoad (2ms)
				EditorAssembliesLoaded (0ms)
			ExecutionOrderSort2 (0ms)
			AwakeInstancesAfterBackupRestoration (11ms)
Platform modules already initialized, skipping
Refreshing native plugins compatible for Editor in 0.49 ms, found 3 plugins.
Preloading 0 native plugins for Editor in 0.00 ms.
Unloading 2193 Unused Serialized files (Serialized files now loaded: 0)
System memory in use before: 102.2 MB.
System memory in use after: 102.3 MB.

Unloading 14 unused Assets to reduce memory usage. Loaded Objects now: 2656.
Total: 3.064700 ms (FindLiveObjects: 0.261200 ms CreateObjectMapping: 0.088900 ms MarkObjects: 2.687800 ms  DeleteObjects: 0.026200 ms)

AssetImportParameters requested are different than current active one (requested -> active):
  custom:framework-win-MediaFoundation: 216162199b28c13a410421893ffa2e32 -> 
  custom:video-decoder-ogg-theora: a1e56fd34408186e4bbccfd4996cb3dc -> 
  custom:container-muxer-webm: aa71ff27fc2769a1b78a27578f13a17b -> 
  custom:container-demuxer-webm: 4f35f7cbe854078d1ac9338744f61a02 -> 
  custom:container-demuxer-ogg: 62fdf1f143b41e24485cea50d1cbac27 -> 
  custom:video-encoder-webm-vp8: eb34c28f22e8b96e1ab97ce403110664 -> 
  custom:video-decoder-webm-vp8: 9c59270c3fd7afecdb556c50c9e8de78 -> 
  custom:audio-decoder-ogg-vorbis: bf7c407c2cedff20999df2af8eb42d56 -> 
  custom:audio-encoder-webm-vorbis: bf7c407c2cedff20999df2af8eb42d56 -> 
========================================================================
Received Prepare
Registering precompiled user dll's ...
Registered in 0.003440 seconds.
Begin MonoManager ReloadAssembly
Native extension for WindowsStandalone target not found
Refreshing native plugins compatible for Editor in 0.49 ms, found 3 plugins.
Preloading 0 native plugins for Editor in 0.00 ms.
Mono: successfully reloaded assembly
- Completed reload, in  1.016 seconds
Domain Reload Profiling:
	ReloadAssembly (1016ms)
		BeginReloadAssembly (143ms)
			ExecutionOrderSort (0ms)
			DisableScriptedObjects (7ms)
			BackupInstance (0ms)
			ReleaseScriptingObjects (0ms)
			CreateAndSetChildDomain (37ms)
		EndReloadAssembly (820ms)
			LoadAssemblies (130ms)
			RebuildTransferFunctionScriptingTraits (0ms)
			SetupTypeCache (290ms)
			ReleaseScriptCaches (1ms)
			RebuildScriptCaches (43ms)
			SetupLoadedEditorAssemblies (285ms)
				LogAssemblyErrors (0ms)
				InitializePlatformSupportModulesInManaged (4ms)
				SetLoadedEditorAssemblies (0ms)
				RefreshPlugins (1ms)
				BeforeProcessingInitializeOnLoad (86ms)
				ProcessInitializeOnLoadAttributes (181ms)
				ProcessInitializeOnLoadMethodAttributes (11ms)
				AfterProcessingInitializeOnLoad (2ms)
				EditorAssembliesLoaded (0ms)
			ExecutionOrderSort2 (0ms)
			AwakeInstancesAfterBackupRestoration (10ms)
Platform modules already initialized, skipping
Refreshing native plugins compatible for Editor in 0.47 ms, found 3 plugins.
Preloading 0 native plugins for Editor in 0.00 ms.
Unloading 2193 Unused Serialized files (Serialized files now loaded: 0)
System memory in use before: 102.3 MB.
System memory in use after: 102.4 MB.

Unloading 14 unused Assets to reduce memory usage. Loaded Objects now: 2659.
Total: 2.679600 ms (FindLiveObjects: 0.136400 ms CreateObjectMapping: 0.067900 ms MarkObjects: 2.456000 ms  DeleteObjects: 0.018700 ms)

AssetImportParameters requested are different than current active one (requested -> active):
  custom:framework-win-MediaFoundation: 216162199b28c13a410421893ffa2e32 -> 
  custom:video-decoder-ogg-theora: a1e56fd34408186e4bbccfd4996cb3dc -> 
  custom:container-muxer-webm: aa71ff27fc2769a1b78a27578f13a17b -> 
  custom:container-demuxer-webm: 4f35f7cbe854078d1ac9338744f61a02 -> 
  custom:container-demuxer-ogg: 62fdf1f143b41e24485cea50d1cbac27 -> 
  custom:video-encoder-webm-vp8: eb34c28f22e8b96e1ab97ce403110664 -> 
  custom:video-decoder-webm-vp8: 9c59270c3fd7afecdb556c50c9e8de78 -> 
  custom:audio-decoder-ogg-vorbis: bf7c407c2cedff20999df2af8eb42d56 -> 
  custom:audio-encoder-webm-vorbis: bf7c407c2cedff20999df2af8eb42d56 -> 
========================================================================
Received Import Request.
  Time since last request: 50.590525 seconds.
  path: Assets/Prefabs/basicmap.prefab
  artifactKey: Guid(ddd53d8e1c8632c4399c084026b022dc) Importer(815301076,1909f56bfc062723c751e8b465ee728b)
Start importing Assets/Prefabs/basicmap.prefab using Guid(ddd53d8e1c8632c4399c084026b022dc) Importer(815301076,1909f56bfc062723c751e8b465ee728b)  -> (artifact id: '6da3185815f451d257dfa07a6ecc8e6c') in 0.075055 seconds 
========================================================================
Received Prepare
Registering precompiled user dll's ...
Registered in 0.003231 seconds.
Begin MonoManager ReloadAssembly
Native extension for WindowsStandalone target not found
Refreshing native plugins compatible for Editor in 0.59 ms, found 3 plugins.
Preloading 0 native plugins for Editor in 0.00 ms.
Mono: successfully reloaded assembly
- Completed reload, in  1.043 seconds
Domain Reload Profiling:
	ReloadAssembly (1043ms)
		BeginReloadAssembly (131ms)
			ExecutionOrderSort (0ms)
			DisableScriptedObjects (6ms)
			BackupInstance (0ms)
			ReleaseScriptingObjects (0ms)
			CreateAndSetChildDomain (35ms)
		EndReloadAssembly (858ms)
			LoadAssemblies (120ms)
			RebuildTransferFunctionScriptingTraits (0ms)
			SetupTypeCache (294ms)
			ReleaseScriptCaches (1ms)
			RebuildScriptCaches (58ms)
			SetupLoadedEditorAssemblies (307ms)
				LogAssemblyErrors (0ms)
				InitializePlatformSupportModulesInManaged (5ms)
				SetLoadedEditorAssemblies (1ms)
				RefreshPlugins (1ms)
				BeforeProcessingInitializeOnLoad (94ms)
				ProcessInitializeOnLoadAttributes (192ms)
				ProcessInitializeOnLoadMethodAttributes (11ms)
				AfterProcessingInitializeOnLoad (2ms)
				EditorAssembliesLoaded (0ms)
			ExecutionOrderSort2 (0ms)
			AwakeInstancesAfterBackupRestoration (9ms)
Platform modules already initialized, skipping
Refreshing native plugins compatible for Editor in 0.53 ms, found 3 plugins.
Preloading 0 native plugins for Editor in 0.00 ms.
Unloading 2193 Unused Serialized files (Serialized files now loaded: 0)
System memory in use before: 102.3 MB.
System memory in use after: 102.4 MB.

Unloading 14 unused Assets to reduce memory usage. Loaded Objects now: 2663.
Total: 3.332000 ms (FindLiveObjects: 0.166300 ms CreateObjectMapping: 0.121000 ms MarkObjects: 2.846800 ms  DeleteObjects: 0.197000 ms)

AssetImportParameters requested are different than current active one (requested -> active):
  custom:framework-win-MediaFoundation: 216162199b28c13a410421893ffa2e32 -> 
  custom:video-decoder-ogg-theora: a1e56fd34408186e4bbccfd4996cb3dc -> 
  custom:container-muxer-webm: aa71ff27fc2769a1b78a27578f13a17b -> 
  custom:container-demuxer-webm: 4f35f7cbe854078d1ac9338744f61a02 -> 
  custom:container-demuxer-ogg: 62fdf1f143b41e24485cea50d1cbac27 -> 
  custom:video-encoder-webm-vp8: eb34c28f22e8b96e1ab97ce403110664 -> 
  custom:video-decoder-webm-vp8: 9c59270c3fd7afecdb556c50c9e8de78 -> 
  custom:audio-decoder-ogg-vorbis: bf7c407c2cedff20999df2af8eb42d56 -> 
  custom:audio-encoder-webm-vorbis: bf7c407c2cedff20999df2af8eb42d56 -> 
AssetImportWorkerClient::OnTransportError - code=2 error=End of file
